Connecting to database specified by database.yml
Compiled jquery.js  (24ms)  (pid 3300)
Compiled jquery_ujs.js  (0ms)  (pid 3300)
Compiled posts.js  (629ms)  (pid 3300)
Compiled welcome.js  (167ms)  (pid 3300)
Compiled application.js  (886ms)  (pid 3300)
Compiled foundation_and_overrides.css  (2923ms)  (pid 3300)
Compiled layout.css  (3ms)  (pid 3300)
Compiled posts.css  (2ms)  (pid 3300)
Compiled scaffolds.css  (13ms)  (pid 3300)
Compiled welcome.css  (11ms)  (pid 3300)
Compiled application.css  (3057ms)  (pid 3300)
Compiled vendor/custom.modernizr.js  (1ms)  (pid 3300)
Compiled vendor/zepto.js  (2ms)  (pid 3300)
Connecting to database specified by database.yml
Compiled jquery.js  (22ms)  (pid 3300)
Compiled jquery_ujs.js  (0ms)  (pid 3300)
Compiled posts.js  (135ms)  (pid 3300)
Compiled welcome.js  (126ms)  (pid 3300)
Compiled application.js  (301ms)  (pid 3300)
Compiled foundation_and_overrides.css  (2632ms)  (pid 3300)
Compiled layout.css  (1ms)  (pid 3300)
Compiled posts.css  (1ms)  (pid 3300)
Compiled scaffolds.css  (7ms)  (pid 3300)
Compiled welcome.css  (10ms)  (pid 3300)
Compiled application.css  (2669ms)  (pid 3300)
Compiled vendor/custom.modernizr.js  (0ms)  (pid 3300)
Compiled vendor/zepto.js  (1ms)  (pid 3300)
Compiled jquery.js  (21ms)  (pid 4223)
Compiled jquery_ujs.js  (0ms)  (pid 4223)
Compiled posts.js  (658ms)  (pid 4223)
Compiled welcome.js  (130ms)  (pid 4223)
Compiled application.js  (826ms)  (pid 4223)
Compiled foundation_and_overrides.css  (2699ms)  (pid 4223)
Compiled layout.css  (1ms)  (pid 4223)
Compiled posts.css  (1ms)  (pid 4223)
Compiled scaffolds.css  (7ms)  (pid 4223)
Compiled welcome.css  (11ms)  (pid 4223)
Compiled application.css  (2738ms)  (pid 4223)
Compiled vendor/custom.modernizr.js  (0ms)  (pid 4223)
Compiled vendor/zepto.js  (1ms)  (pid 4223)
Compiled jquery.js  (21ms)  (pid 4223)
Compiled jquery_ujs.js  (0ms)  (pid 4223)
Compiled posts.js  (139ms)  (pid 4223)
Compiled welcome.js  (126ms)  (pid 4223)
Compiled application.js  (302ms)  (pid 4223)
Compiled foundation_and_overrides.css  (2757ms)  (pid 4223)
Compiled layout.css  (1ms)  (pid 4223)
Compiled posts.css  (2ms)  (pid 4223)
Compiled scaffolds.css  (7ms)  (pid 4223)
Compiled welcome.css  (11ms)  (pid 4223)
Compiled application.css  (2798ms)  (pid 4223)
Compiled vendor/custom.modernizr.js  (0ms)  (pid 4223)
Compiled vendor/zepto.js  (1ms)  (pid 4223)
Compiled jquery.js  (21ms)  (pid 4553)
Compiled jquery_ujs.js  (0ms)  (pid 4553)
Compiled posts.js  (139ms)  (pid 4553)
Compiled welcome.js  (133ms)  (pid 4553)
Compiled application.js  (309ms)  (pid 4553)
Compiled foundation_and_overrides.css  (2683ms)  (pid 4553)
Compiled layout.css  (1ms)  (pid 4553)
Compiled posts.css  (1ms)  (pid 4553)
Compiled scaffolds.css  (7ms)  (pid 4553)
Compiled welcome.css  (11ms)  (pid 4553)
Compiled application.css  (2722ms)  (pid 4553)
Compiled vendor/custom.modernizr.js  (0ms)  (pid 4553)
Compiled vendor/zepto.js  (1ms)  (pid 4553)
Compiled jquery.js  (21ms)  (pid 4553)
Compiled jquery_ujs.js  (0ms)  (pid 4553)
Compiled posts.js  (764ms)  (pid 4553)
Compiled welcome.js  (130ms)  (pid 4553)
Compiled application.js  (935ms)  (pid 4553)
Compiled foundation_and_overrides.css  (2625ms)  (pid 4553)
Compiled layout.css  (1ms)  (pid 4553)
Compiled posts.css  (2ms)  (pid 4553)
Compiled scaffolds.css  (7ms)  (pid 4553)
Compiled welcome.css  (11ms)  (pid 4553)
Compiled application.css  (2664ms)  (pid 4553)
Compiled vendor/custom.modernizr.js  (0ms)  (pid 4553)
Compiled vendor/zepto.js  (1ms)  (pid 4553)
